{"C:\\Users\\aksha\\OneDrive\\Desktop\\finaltests\\ArmstrongNumber.js": {"path":"C:\\Users\\aksha\\OneDrive\\Desktop\\finaltests\\ArmstrongNumber.js","statementMap":{"0":{"start":{"line":11,"column":25},"end":{"line":22,"column":3}},"1":{"start":{"line":12,"column":4},"end":{"line":12,"column":56}},"2":{"start":{"line":12,"column":44},"end":{"line":12,"column":56}},"3":{"start":{"line":14,"column":17},"end":{"line":14,"column":18}},"4":{"start":{"line":16,"column":19},"end":{"line":16,"column":43}},"5":{"start":{"line":17,"column":4},"end":{"line":19,"column":6}},"6":{"start":{"line":18,"column":6},"end":{"line":18,"column":46}},"7":{"start":{"line":21,"column":4},"end":{"line":21,"column":25}},"8":{"start":{"line":24,"column":2},"end":{"line":24,"column":34}}},"fnMap":{"0":{"name":"(anonymous_0)","decl":{"start":{"line":11,"column":25},"end":{"line":11,"column":26}},"loc":{"start":{"line":11,"column":34},"end":{"line":22,"column":3}},"line":11},"1":{"name":"(anonymous_1)","decl":{"start":{"line":17,"column":19},"end":{"line":17,"column":20}},"loc":{"start":{"line":17,"column":28},"end":{"line":19,"column":5}},"line":17}},"branchMap":{"0":{"loc":{"start":{"line":12,"column":4},"end":{"line":12,"column":56}},"type":"if","locations":[{"start":{"line":12,"column":4},"end":{"line":12,"column":56}},{"start":{},"end":{}}],"line":12},"1":{"loc":{"start":{"line":12,"column":8},"end":{"line":12,"column":42}},"type":"binary-expr","locations":[{"start":{"line":12,"column":8},"end":{"line":12,"column":15}},{"start":{"line":12,"column":19},"end":{"line":12,"column":42}}],"line":12}},"s":{"0":1,"1":4,"2":2,"3":2,"4":2,"5":2,"6":6,"7":2,"8":1},"f":{"0":4,"1":6},"b":{"0":[2,2],"1":[4,3]},"_coverageSchema":"1a1c01bbd47fc00a2c39e90264f33305004495a9","hash":"8c0886a5a38442538e76f36b35e4db02541b9e97"}
,"C:\\Users\\aksha\\OneDrive\\Desktop\\finaltests\\AverageMedian.js": {"path":"C:\\Users\\aksha\\OneDrive\\Desktop\\finaltests\\AverageMedian.js","statementMap":{"0":{"start":{"line":11,"column":22},"end":{"line":24,"column":3}},"1":{"start":{"line":12,"column":18},"end":{"line":12,"column":43}},"2":{"start":{"line":13,"column":17},"end":{"line":13,"column":18}},"3":{"start":{"line":14,"column":22},"end":{"line":14,"column":36}},"4":{"start":{"line":15,"column":4},"end":{"line":15,"column":39}},"5":{"start":{"line":17,"column":4},"end":{"line":21,"column":5}},"6":{"start":{"line":18,"column":6},"end":{"line":18,"column":72}},"7":{"start":{"line":20,"column":6},"end":{"line":20,"column":43}},"8":{"start":{"line":23,"column":4},"end":{"line":23,"column":17}},"9":{"start":{"line":26,"column":22},"end":{"line":28,"column":3}},"10":{"start":{"line":27,"column":4},"end":{"line":27,"column":22}},"11":{"start":{"line":30,"column":0},"end":{"line":30,"column":31}}},"fnMap":{"0":{"name":"(anonymous_0)","decl":{"start":{"line":11,"column":22},"end":{"line":11,"column":23}},"loc":{"start":{"line":11,"column":48},"end":{"line":24,"column":3}},"line":11},"1":{"name":"(anonymous_1)","decl":{"start":{"line":26,"column":22},"end":{"line":26,"column":23}},"loc":{"start":{"line":26,"column":38},"end":{"line":28,"column":3}},"line":26}},"branchMap":{"0":{"loc":{"start":{"line":17,"column":4},"end":{"line":21,"column":5}},"type":"if","locations":[{"start":{"line":17,"column":4},"end":{"line":21,"column":5}},{"start":{"line":19,"column":11},"end":{"line":21,"column":5}}],"line":17}},"s":{"0":1,"1":3,"2":3,"3":3,"4":3,"5":3,"6":2,"7":1,"8":3,"9":1,"10":21,"11":1},"f":{"0":3,"1":21},"b":{"0":[2,1]},"_coverageSchema":"1a1c01bbd47fc00a2c39e90264f33305004495a9","hash":"1718a6fa77e8d5c19f6d419905c13278f7c3e1c9"}
,"C:\\Users\\aksha\\OneDrive\\Desktop\\finaltests\\BeadSort.js": {"path":"C:\\Users\\aksha\\OneDrive\\Desktop\\finaltests\\BeadSort.js","statementMap":{"0":{"start":{"line":13,"column":4},"end":{"line":15,"column":5}},"1":{"start":{"line":13,"column":35},"end":{"line":13,"column":46}},"2":{"start":{"line":14,"column":6},"end":{"line":14,"column":76}},"3":{"start":{"line":17,"column":27},"end":{"line":17,"column":42}},"4":{"start":{"line":18,"column":16},"end":{"line":18,"column":37}},"5":{"start":{"line":21,"column":17},"end":{"line":29,"column":6}},"6":{"start":{"line":22,"column":21},"end":{"line":22,"column":35}},"7":{"start":{"line":24,"column":6},"end":{"line":26,"column":7}},"8":{"start":{"line":24,"column":19},"end":{"line":24,"column":20}},"9":{"start":{"line":25,"column":8},"end":{"line":25,"column":23}},"10":{"start":{"line":28,"column":6},"end":{"line":28,"column":19}},"11":{"start":{"line":32,"column":4},"end":{"line":49,"column":5}},"12":{"start":{"line":32,"column":19},"end":{"line":32,"column":20}},"13":{"start":{"line":33,"column":23},"end":{"line":33,"column":24}},"14":{"start":{"line":35,"column":6},"end":{"line":39,"column":7}},"15":{"start":{"line":35,"column":21},"end":{"line":35,"column":22}},"16":{"start":{"line":36,"column":8},"end":{"line":38,"column":9}},"17":{"start":{"line":37,"column":10},"end":{"line":37,"column":22}},"18":{"start":{"line":41,"column":6},"end":{"line":48,"column":7}},"19":{"start":{"line":41,"column":21},"end":{"line":41,"column":39}},"20":{"start":{"line":42,"column":8},"end":{"line":47,"column":9}},"21":{"start":{"line":43,"column":10},"end":{"line":43,"column":30}},"22":{"start":{"line":44,"column":10},"end":{"line":44,"column":22}},"23":{"start":{"line":46,"column":10},"end":{"line":46,"column":36}},"24":{"start":{"line":52,"column":4},"end":{"line":55,"column":6}},"25":{"start":{"line":53,"column":25},"end":{"line":53,"column":63}},"26":{"start":{"line":53,"column":50},"end":{"line":53,"column":62}},"27":{"start":{"line":54,"column":6},"end":{"line":54,"column":30}},"28":{"start":{"line":58,"column":2},"end":{"line":58,"column":28}}},"fnMap":{"0":{"name":"beadSort","decl":{"start":{"line":11,"column":11},"end":{"line":11,"column":19}},"loc":{"start":{"line":11,"column":31},"end":{"line":56,"column":3}},"line":11},"1":{"name":"(anonymous_1)","decl":{"start":{"line":13,"column":22},"end":{"line":13,"column":23}},"loc":{"start":{"line":13,"column":35},"end":{"line":13,"column":46}},"line":13},"2":{"name":"(anonymous_2)","decl":{"start":{"line":21,"column":30},"end":{"line":21,"column":31}},"loc":{"start":{"line":21,"column":40},"end":{"line":29,"column":5}},"line":21},"3":{"name":"(anonymous_3)","decl":{"start":{"line":52,"column":20},"end":{"line":52,"column":21}},"loc":{"start":{"line":52,"column":35},"end":{"line":55,"column":5}},"line":52},"4":{"name":"(anonymous_4)","decl":{"start":{"line":53,"column":42},"end":{"line":53,"column":43}},"loc":{"start":{"line":53,"column":50},"end":{"line":53,"column":62}},"line":53}},"branchMap":{"0":{"loc":{"start":{"line":13,"column":4},"end":{"line":15,"column":5}},"type":"if","locations":[{"start":{"line":13,"column":4},"end":{"line":15,"column":5}},{"start":{},"end":{}}],"line":13},"1":{"loc":{"start":{"line":36,"column":8},"end":{"line":38,"column":9}},"type":"if","locations":[{"start":{"line":36,"column":8},"end":{"line":38,"column":9}},{"start":{},"end":{}}],"line":36},"2":{"loc":{"start":{"line":42,"column":8},"end":{"line":47,"column":9}},"type":"if","locations":[{"start":{"line":42,"column":8},"end":{"line":47,"column":9}},{"start":{"line":45,"column":15},"end":{"line":47,"column":9}}],"line":42}},"s":{"0":3,"1":11,"2":1,"3":2,"4":2,"5":2,"6":10,"7":10,"8":10,"9":42,"10":10,"11":2,"12":2,"13":15,"14":15,"15":15,"16":75,"17":42,"18":15,"19":15,"20":75,"21":42,"22":42,"23":33,"24":2,"25":10,"26":75,"27":10,"28":1},"f":{"0":3,"1":11,"2":10,"3":10,"4":75},"b":{"0":[1,2],"1":[42,33],"2":[42,33]},"_coverageSchema":"1a1c01bbd47fc00a2c39e90264f33305004495a9","hash":"26060775b5e1c1192db1a7106f4cf07f4fd5f90f"}
,"C:\\Users\\aksha\\OneDrive\\Desktop\\finaltests\\CycleSort.js": {"path":"C:\\Users\\aksha\\OneDrive\\Desktop\\finaltests\\CycleSort.js","statementMap":{"0":{"start":{"line":18,"column":4},"end":{"line":55,"column":5}},"1":{"start":{"line":18,"column":26},"end":{"line":18,"column":27}},"2":{"start":{"line":19,"column":18},"end":{"line":19,"column":34}},"3":{"start":{"line":20,"column":21},"end":{"line":20,"column":31}},"4":{"start":{"line":23,"column":6},"end":{"line":27,"column":7}},"5":{"start":{"line":23,"column":19},"end":{"line":23,"column":33}},"6":{"start":{"line":24,"column":8},"end":{"line":26,"column":9}},"7":{"start":{"line":25,"column":10},"end":{"line":25,"column":20}},"8":{"start":{"line":29,"column":6},"end":{"line":31,"column":7}},"9":{"start":{"line":30,"column":8},"end":{"line":30,"column":16}},"10":{"start":{"line":32,"column":6},"end":{"line":34,"column":7}},"11":{"start":{"line":33,"column":8},"end":{"line":33,"column":18}},"12":{"start":{"line":36,"column":23},"end":{"line":36,"column":37}},"13":{"start":{"line":37,"column":6},"end":{"line":37,"column":28}},"14":{"start":{"line":38,"column":6},"end":{"line":38,"column":22}},"15":{"start":{"line":41,"column":6},"end":{"line":54,"column":7}},"16":{"start":{"line":42,"column":8},"end":{"line":42,"column":29}},"17":{"start":{"line":43,"column":8},"end":{"line":47,"column":9}},"18":{"start":{"line":43,"column":21},"end":{"line":43,"column":35}},"19":{"start":{"line":44,"column":10},"end":{"line":46,"column":11}},"20":{"start":{"line":45,"column":12},"end":{"line":45,"column":22}},"21":{"start":{"line":48,"column":8},"end":{"line":50,"column":9}},"22":{"start":{"line":49,"column":10},"end":{"line":49,"column":20}},"23":{"start":{"line":51,"column":30},"end":{"line":51,"column":44}},"24":{"start":{"line":52,"column":8},"end":{"line":52,"column":30}},"25":{"start":{"line":53,"column":8},"end":{"line":53,"column":29}},"26":{"start":{"line":56,"column":4},"end":{"line":56,"column":15}},"27":{"start":{"line":59,"column":0},"end":{"line":59,"column":27}}},"fnMap":{"0":{"name":"cycleSort","decl":{"start":{"line":17,"column":10},"end":{"line":17,"column":19}},"loc":{"start":{"line":17,"column":27},"end":{"line":57,"column":3}},"line":17}},"branchMap":{"0":{"loc":{"start":{"line":24,"column":8},"end":{"line":26,"column":9}},"type":"if","locations":[{"start":{"line":24,"column":8},"end":{"line":26,"column":9}},{"start":{},"end":{}}],"line":24},"1":{"loc":{"start":{"line":29,"column":6},"end":{"line":31,"column":7}},"type":"if","locations":[{"start":{"line":29,"column":6},"end":{"line":31,"column":7}},{"start":{},"end":{}}],"line":29},"2":{"loc":{"start":{"line":44,"column":10},"end":{"line":46,"column":11}},"type":"if","locations":[{"start":{"line":44,"column":10},"end":{"line":46,"column":11}},{"start":{},"end":{}}],"line":44}},"s":{"0":2,"1":2,"2":10,"3":10,"4":10,"5":10,"6":20,"7":4,"8":10,"9":9,"10":1,"11":0,"12":1,"13":1,"14":1,"15":1,"16":3,"17":3,"18":3,"19":12,"20":3,"21":3,"22":0,"23":3,"24":3,"25":3,"26":2,"27":1},"f":{"0":2},"b":{"0":[4,16],"1":[9,1],"2":[3,9]},"_coverageSchema":"1a1c01bbd47fc00a2c39e90264f33305004495a9","hash":"de6b374d31d83568724bdf259ee1b2e957f71388"}
,"C:\\Users\\aksha\\OneDrive\\Desktop\\finaltests\\Factorial.js": {"path":"C:\\Users\\aksha\\OneDrive\\Desktop\\finaltests\\Factorial.js","statementMap":{"0":{"start":{"line":11,"column":19},"end":{"line":16,"column":3}},"1":{"start":{"line":12,"column":4},"end":{"line":14,"column":5}},"2":{"start":{"line":13,"column":6},"end":{"line":13,"column":14}},"3":{"start":{"line":15,"column":4},"end":{"line":15,"column":31}},"4":{"start":{"line":18,"column":0},"end":{"line":18,"column":27}}},"fnMap":{"0":{"name":"(anonymous_0)","decl":{"start":{"line":11,"column":19},"end":{"line":11,"column":20}},"loc":{"start":{"line":11,"column":26},"end":{"line":16,"column":3}},"line":11}},"branchMap":{"0":{"loc":{"start":{"line":12,"column":4},"end":{"line":14,"column":5}},"type":"if","locations":[{"start":{"line":12,"column":4},"end":{"line":14,"column":5}},{"start":{},"end":{}}],"line":12}},"s":{"0":1,"1":11418,"2":2,"3":11416,"4":1},"f":{"0":11418},"b":{"0":[2,11416]},"_coverageSchema":"1a1c01bbd47fc00a2c39e90264f33305004495a9","hash":"6578f6e39424d936b7b376f441554ae002045065"}
,"C:\\Users\\aksha\\OneDrive\\Desktop\\finaltests\\FormatPhoneNumber.js": {"path":"C:\\Users\\aksha\\OneDrive\\Desktop\\finaltests\\FormatPhoneNumber.js","statementMap":{"0":{"start":{"line":4,"column":26},"end":{"line":15,"column":3}},"1":{"start":{"line":5,"column":26},"end":{"line":5,"column":44}},"2":{"start":{"line":6,"column":4},"end":{"line":9,"column":5}},"3":{"start":{"line":8,"column":6},"end":{"line":8,"column":50}},"4":{"start":{"line":10,"column":16},"end":{"line":10,"column":42}},"5":{"start":{"line":11,"column":4},"end":{"line":13,"column":6}},"6":{"start":{"line":12,"column":6},"end":{"line":12,"column":31}},"7":{"start":{"line":14,"column":4},"end":{"line":14,"column":23}},"8":{"start":{"line":17,"column":2},"end":{"line":17,"column":37}}},"fnMap":{"0":{"name":"(anonymous_0)","decl":{"start":{"line":4,"column":26},"end":{"line":4,"column":27}},"loc":{"start":{"line":4,"column":39},"end":{"line":15,"column":3}},"line":4},"1":{"name":"(anonymous_1)","decl":{"start":{"line":11,"column":38},"end":{"line":11,"column":39}},"loc":{"start":{"line":11,"column":43},"end":{"line":13,"column":5}},"line":11}},"branchMap":{"0":{"loc":{"start":{"line":6,"column":4},"end":{"line":9,"column":5}},"type":"if","locations":[{"start":{"line":6,"column":4},"end":{"line":9,"column":5}},{"start":{},"end":{}}],"line":6},"1":{"loc":{"start":{"line":6,"column":8},"end":{"line":6,"column":61}},"type":"binary-expr","locations":[{"start":{"line":6,"column":9},"end":{"line":6,"column":36}},{"start":{"line":6,"column":41},"end":{"line":6,"column":61}}],"line":6}},"s":{"0":1,"1":4,"2":4,"3":3,"4":1,"5":1,"6":10,"7":1,"8":1},"f":{"0":4,"1":10},"b":{"0":[3,1],"1":[4,2]},"_coverageSchema":"1a1c01bbd47fc00a2c39e90264f33305004495a9","hash":"c07ee6fa10b64372ffd0cc7ea8e50d4c56dc1274"}
,"C:\\Users\\aksha\\OneDrive\\Desktop\\finaltests\\IsDivisible.js": {"path":"C:\\Users\\aksha\\OneDrive\\Desktop\\finaltests\\IsDivisible.js","statementMap":{"0":{"start":{"line":3,"column":21},"end":{"line":11,"column":3}},"1":{"start":{"line":4,"column":4},"end":{"line":6,"column":5}},"2":{"start":{"line":5,"column":6},"end":{"line":5,"column":46}},"3":{"start":{"line":7,"column":4},"end":{"line":9,"column":5}},"4":{"start":{"line":8,"column":6},"end":{"line":8,"column":18}},"5":{"start":{"line":10,"column":4},"end":{"line":10,"column":28}},"6":{"start":{"line":17,"column":2},"end":{"line":17,"column":31}}},"fnMap":{"0":{"name":"(anonymous_0)","decl":{"start":{"line":3,"column":21},"end":{"line":3,"column":22}},"loc":{"start":{"line":3,"column":37},"end":{"line":11,"column":3}},"line":3}},"branchMap":{"0":{"loc":{"start":{"line":4,"column":4},"end":{"line":6,"column":5}},"type":"if","locations":[{"start":{"line":4,"column":4},"end":{"line":6,"column":5}},{"start":{},"end":{}}],"line":4},"1":{"loc":{"start":{"line":4,"column":8},"end":{"line":4,"column":56}},"type":"binary-expr","locations":[{"start":{"line":4,"column":8},"end":{"line":4,"column":30}},{"start":{"line":4,"column":34},"end":{"line":4,"column":56}}],"line":4},"2":{"loc":{"start":{"line":7,"column":4},"end":{"line":9,"column":5}},"type":"if","locations":[{"start":{"line":7,"column":4},"end":{"line":9,"column":5}},{"start":{},"end":{}}],"line":7}},"s":{"0":1,"1":3,"2":0,"3":3,"4":1,"5":2,"6":1},"f":{"0":3},"b":{"0":[0,3],"1":[3,3],"2":[1,2]},"_coverageSchema":"1a1c01bbd47fc00a2c39e90264f33305004495a9","hash":"ed175a6e58c837576aea36662bc81ee45efd404d"}
,"C:\\Users\\aksha\\OneDrive\\Desktop\\finaltests\\MergeSort.js": {"path":"C:\\Users\\aksha\\OneDrive\\Desktop\\finaltests\\MergeSort.js","statementMap":{"0":{"start":{"line":19,"column":20},"end":{"line":19,"column":22}},"1":{"start":{"line":20,"column":12},"end":{"line":20,"column":13}},"2":{"start":{"line":21,"column":12},"end":{"line":21,"column":13}},"3":{"start":{"line":23,"column":4},"end":{"line":29,"column":5}},"4":{"start":{"line":24,"column":6},"end":{"line":28,"column":7}},"5":{"start":{"line":25,"column":8},"end":{"line":25,"column":32}},"6":{"start":{"line":27,"column":8},"end":{"line":27,"column":32}},"7":{"start":{"line":31,"column":4},"end":{"line":31,"column":57}},"8":{"start":{"line":41,"column":4},"end":{"line":41,"column":36}},"9":{"start":{"line":41,"column":25},"end":{"line":41,"column":36}},"10":{"start":{"line":43,"column":21},"end":{"line":43,"column":48}},"11":{"start":{"line":44,"column":21},"end":{"line":44,"column":44}},"12":{"start":{"line":45,"column":21},"end":{"line":45,"column":54}},"13":{"start":{"line":47,"column":4},"end":{"line":47,"column":58}},"14":{"start":{"line":50,"column":2},"end":{"line":50,"column":29}}},"fnMap":{"0":{"name":"merge","decl":{"start":{"line":18,"column":10},"end":{"line":18,"column":15}},"loc":{"start":{"line":18,"column":31},"end":{"line":32,"column":3}},"line":18},"1":{"name":"mergeSort","decl":{"start":{"line":40,"column":9},"end":{"line":40,"column":18}},"loc":{"start":{"line":40,"column":26},"end":{"line":48,"column":3}},"line":40}},"branchMap":{"0":{"loc":{"start":{"line":23,"column":11},"end":{"line":23,"column":47}},"type":"binary-expr","locations":[{"start":{"line":23,"column":11},"end":{"line":23,"column":27}},{"start":{"line":23,"column":31},"end":{"line":23,"column":47}}],"line":23},"1":{"loc":{"start":{"line":24,"column":6},"end":{"line":28,"column":7}},"type":"if","locations":[{"start":{"line":24,"column":6},"end":{"line":28,"column":7}},{"start":{"line":26,"column":13},"end":{"line":28,"column":7}}],"line":24},"2":{"loc":{"start":{"line":41,"column":4},"end":{"line":41,"column":36}},"type":"if","locations":[{"start":{"line":41,"column":4},"end":{"line":41,"column":36}},{"start":{},"end":{}}],"line":41}},"s":{"0":14,"1":14,"2":14,"3":14,"4":24,"5":13,"6":11,"7":14,"8":32,"9":18,"10":14,"11":14,"12":14,"13":14,"14":1},"f":{"0":14,"1":32},"b":{"0":[38,29],"1":[13,11],"2":[18,14]},"_coverageSchema":"1a1c01bbd47fc00a2c39e90264f33305004495a9","hash":"566a61d7ae893d84e5ea56b9d8a7bc56b8cae052"}
,"C:\\Users\\aksha\\OneDrive\\Desktop\\finaltests\\PerfectNumber.js": {"path":"C:\\Users\\aksha\\OneDrive\\Desktop\\finaltests\\PerfectNumber.js","statementMap":{"0":{"start":{"line":18,"column":32},"end":{"line":20,"column":3}},"1":{"start":{"line":19,"column":4},"end":{"line":19,"column":62}},"2":{"start":{"line":19,"column":48},"end":{"line":19,"column":61}},"3":{"start":{"line":22,"column":24},"end":{"line":28,"column":3}},"4":{"start":{"line":23,"column":22},"end":{"line":25,"column":9}},"5":{"start":{"line":24,"column":6},"end":{"line":24,"column":31}},"6":{"start":{"line":27,"column":4},"end":{"line":27,"column":26}},"7":{"start":{"line":30,"column":0},"end":{"line":30,"column":31}}},"fnMap":{"0":{"name":"(anonymous_0)","decl":{"start":{"line":18,"column":32},"end":{"line":18,"column":33}},"loc":{"start":{"line":18,"column":39},"end":{"line":20,"column":3}},"line":18},"1":{"name":"(anonymous_1)","decl":{"start":{"line":19,"column":39},"end":{"line":19,"column":40}},"loc":{"start":{"line":19,"column":48},"end":{"line":19,"column":61}},"line":19},"2":{"name":"(anonymous_2)","decl":{"start":{"line":22,"column":24},"end":{"line":22,"column":25}},"loc":{"start":{"line":22,"column":31},"end":{"line":28,"column":3}},"line":22},"3":{"name":"(anonymous_3)","decl":{"start":{"line":23,"column":55},"end":{"line":23,"column":56}},"loc":{"start":{"line":23,"column":78},"end":{"line":25,"column":5}},"line":23}},"branchMap":{},"s":{"0":1,"1":2,"2":14,"3":1,"4":2,"5":6,"6":2,"7":1},"f":{"0":2,"1":14,"2":2,"3":6},"b":{},"_coverageSchema":"1a1c01bbd47fc00a2c39e90264f33305004495a9","hash":"ca16b0bc3c484b9fd0fce6e9da89ec9359662321"}
,"C:\\Users\\aksha\\OneDrive\\Desktop\\finaltests\\QuickSelectSearch.js": {"path":"C:\\Users\\aksha\\OneDrive\\Desktop\\finaltests\\QuickSelectSearch.js","statementMap":{"0":{"start":{"line":15,"column":4},"end":{"line":17,"column":5}},"1":{"start":{"line":16,"column":6},"end":{"line":16,"column":42}},"2":{"start":{"line":19,"column":15},"end":{"line":19,"column":16}},"3":{"start":{"line":20,"column":13},"end":{"line":20,"column":29}},"4":{"start":{"line":21,"column":4},"end":{"line":46,"column":5}},"5":{"start":{"line":22,"column":17},"end":{"line":22,"column":21}},"6":{"start":{"line":23,"column":18},"end":{"line":23,"column":20}},"7":{"start":{"line":24,"column":20},"end":{"line":24,"column":58}},"8":{"start":{"line":26,"column":6},"end":{"line":35,"column":7}},"9":{"start":{"line":27,"column":8},"end":{"line":34,"column":9}},"10":{"start":{"line":28,"column":22},"end":{"line":28,"column":33}},"11":{"start":{"line":29,"column":10},"end":{"line":29,"column":36}},"12":{"start":{"line":30,"column":10},"end":{"line":30,"column":28}},"13":{"start":{"line":31,"column":10},"end":{"line":31,"column":17}},"14":{"start":{"line":33,"column":10},"end":{"line":33,"column":16}},"15":{"start":{"line":37,"column":6},"end":{"line":39,"column":7}},"16":{"start":{"line":38,"column":8},"end":{"line":38,"column":14}},"17":{"start":{"line":41,"column":6},"end":{"line":45,"column":7}},"18":{"start":{"line":42,"column":8},"end":{"line":42,"column":17}},"19":{"start":{"line":44,"column":8},"end":{"line":44,"column":23}},"20":{"start":{"line":47,"column":4},"end":{"line":47,"column":16}},"21":{"start":{"line":50,"column":2},"end":{"line":50,"column":37}}},"fnMap":{"0":{"name":"quickSelectSearch","decl":{"start":{"line":14,"column":10},"end":{"line":14,"column":27}},"loc":{"start":{"line":14,"column":39},"end":{"line":48,"column":3}},"line":14}},"branchMap":{"0":{"loc":{"start":{"line":15,"column":4},"end":{"line":17,"column":5}},"type":"if","locations":[{"start":{"line":15,"column":4},"end":{"line":17,"column":5}},{"start":{},"end":{}}],"line":15},"1":{"loc":{"start":{"line":15,"column":8},"end":{"line":15,"column":35}},"type":"binary-expr","locations":[{"start":{"line":15,"column":8},"end":{"line":15,"column":14}},{"start":{"line":15,"column":18},"end":{"line":15,"column":35}}],"line":15},"2":{"loc":{"start":{"line":27,"column":8},"end":{"line":34,"column":9}},"type":"if","locations":[{"start":{"line":27,"column":8},"end":{"line":34,"column":9}},{"start":{"line":32,"column":15},"end":{"line":34,"column":9}}],"line":27},"3":{"loc":{"start":{"line":37,"column":6},"end":{"line":39,"column":7}},"type":"if","locations":[{"start":{"line":37,"column":6},"end":{"line":39,"column":7}},{"start":{},"end":{}}],"line":37},"4":{"loc":{"start":{"line":41,"column":6},"end":{"line":45,"column":7}},"type":"if","locations":[{"start":{"line":41,"column":6},"end":{"line":45,"column":7}},{"start":{"line":43,"column":13},"end":{"line":45,"column":7}}],"line":41}},"s":{"0":4,"1":1,"2":3,"3":3,"4":3,"5":8,"6":8,"7":8,"8":8,"9":41,"10":19,"11":19,"12":19,"13":19,"14":22,"15":8,"16":4,"17":8,"18":5,"19":3,"20":3,"21":1},"f":{"0":4},"b":{"0":[1,3],"1":[4,4],"2":[19,22],"3":[4,4],"4":[5,3]},"_coverageSchema":"1a1c01bbd47fc00a2c39e90264f33305004495a9","hash":"f253b8852d9bedb461bf61d67535b27cc2870a54"}
,"C:\\Users\\aksha\\OneDrive\\Desktop\\finaltests\\RomanToDecimal.js": {"path":"C:\\Users\\aksha\\OneDrive\\Desktop\\finaltests\\RomanToDecimal.js","statementMap":{"0":{"start":{"line":1,"column":15},"end":{"line":9,"column":3}},"1":{"start":{"line":12,"column":15},"end":{"line":12,"column":18}},"2":{"start":{"line":14,"column":14},"end":{"line":14,"column":15}},"3":{"start":{"line":16,"column":18},"end":{"line":16,"column":19}},"4":{"start":{"line":17,"column":4},"end":{"line":32,"column":5}},"5":{"start":{"line":17,"column":17},"end":{"line":17,"column":39}},"6":{"start":{"line":18,"column":16},"end":{"line":18,"column":37}},"7":{"start":{"line":20,"column":6},"end":{"line":22,"column":7}},"8":{"start":{"line":21,"column":8},"end":{"line":21,"column":65}},"9":{"start":{"line":24,"column":25},"end":{"line":24,"column":34}},"10":{"start":{"line":25,"column":6},"end":{"line":29,"column":7}},"11":{"start":{"line":26,"column":8},"end":{"line":26,"column":25}},"12":{"start":{"line":28,"column":8},"end":{"line":28,"column":25}},"13":{"start":{"line":31,"column":6},"end":{"line":31,"column":14}},"14":{"start":{"line":33,"column":4},"end":{"line":33,"column":14}},"15":{"start":{"line":36,"column":2},"end":{"line":36,"column":34}}},"fnMap":{"0":{"name":"romanToDecimal","decl":{"start":{"line":11,"column":10},"end":{"line":11,"column":24}},"loc":{"start":{"line":11,"column":39},"end":{"line":34,"column":3}},"line":11}},"branchMap":{"0":{"loc":{"start":{"line":20,"column":6},"end":{"line":22,"column":7}},"type":"if","locations":[{"start":{"line":20,"column":6},"end":{"line":22,"column":7}},{"start":{},"end":{}}],"line":20},"1":{"loc":{"start":{"line":21,"column":18},"end":{"line":21,"column":65}},"type":"cond-expr","locations":[{"start":{"line":21,"column":43},"end":{"line":21,"column":55}},{"start":{"line":21,"column":58},"end":{"line":21,"column":65}}],"line":21},"2":{"loc":{"start":{"line":25,"column":6},"end":{"line":29,"column":7}},"type":"if","locations":[{"start":{"line":25,"column":6},"end":{"line":29,"column":7}},{"start":{"line":27,"column":13},"end":{"line":29,"column":7}}],"line":25}},"s":{"0":1,"1":4,"2":4,"3":4,"4":4,"5":4,"6":19,"7":19,"8":15,"9":19,"10":19,"11":17,"12":2,"13":19,"14":4,"15":1},"f":{"0":4},"b":{"0":[15,4],"1":[6,9],"2":[17,2]},"_coverageSchema":"1a1c01bbd47fc00a2c39e90264f33305004495a9","hash":"7c7f9969c469fed05e1f987daf35bd105a9b0150"}
,"C:\\Users\\aksha\\OneDrive\\Desktop\\finaltests\\checkCamelCase.js": {"path":"C:\\Users\\aksha\\OneDrive\\Desktop\\finaltests\\checkCamelCase.js","statementMap":{"0":{"start":{"line":1,"column":24},"end":{"line":9,"column":3}},"1":{"start":{"line":3,"column":4},"end":{"line":5,"column":5}},"2":{"start":{"line":4,"column":6},"end":{"line":4,"column":54}},"3":{"start":{"line":7,"column":16},"end":{"line":7,"column":34}},"4":{"start":{"line":8,"column":4},"end":{"line":8,"column":28}},"5":{"start":{"line":11,"column":2},"end":{"line":11,"column":34}}},"fnMap":{"0":{"name":"(anonymous_0)","decl":{"start":{"line":1,"column":24},"end":{"line":1,"column":25}},"loc":{"start":{"line":1,"column":37},"end":{"line":9,"column":3}},"line":1}},"branchMap":{"0":{"loc":{"start":{"line":3,"column":4},"end":{"line":5,"column":5}},"type":"if","locations":[{"start":{"line":3,"column":4},"end":{"line":5,"column":5}},{"start":{},"end":{}}],"line":3}},"s":{"0":1,"1":5,"2":0,"3":5,"4":5,"5":1},"f":{"0":5},"b":{"0":[0,5]},"_coverageSchema":"1a1c01bbd47fc00a2c39e90264f33305004495a9","hash":"54cf90b35775eec80cf71ef347947ed2f9206a8a"}
}
