TN:
SF:ArmstrongNumber.js
FN:11,(anonymous_0)
FN:17,(anonymous_1)
FNF:2
FNH:2
FNDA:4,(anonymous_0)
FNDA:6,(anonymous_1)
DA:11,1
DA:12,4
DA:14,2
DA:16,2
DA:17,2
DA:18,6
DA:21,2
DA:24,1
LF:8
LH:8
BRDA:12,0,0,2
BRDA:12,0,1,2
BRDA:12,1,0,4
BRDA:12,1,1,3
BRF:4
BRH:4
end_of_record
TN:
SF:AverageMedian.js
FN:11,(anonymous_0)
FN:26,(anonymous_1)
FNF:2
FNH:2
FNDA:3,(anonymous_0)
FNDA:21,(anonymous_1)
DA:11,1
DA:12,3
DA:13,3
DA:14,3
DA:15,3
DA:17,3
DA:18,2
DA:20,1
DA:23,3
DA:26,1
DA:27,21
DA:30,1
LF:12
LH:12
BRDA:17,0,0,2
BRDA:17,0,1,1
BRF:2
BRH:2
end_of_record
TN:
SF:BeadSort.js
FN:11,beadSort
FN:13,(anonymous_1)
FN:21,(anonymous_2)
FN:52,(anonymous_3)
FN:53,(anonymous_4)
FNF:5
FNH:5
FNDA:3,beadSort
FNDA:11,(anonymous_1)
FNDA:10,(anonymous_2)
FNDA:10,(anonymous_3)
FNDA:75,(anonymous_4)
DA:13,11
DA:14,1
DA:17,2
DA:18,2
DA:21,2
DA:22,10
DA:24,10
DA:25,42
DA:28,10
DA:32,2
DA:33,15
DA:35,15
DA:36,75
DA:37,42
DA:41,15
DA:42,75
DA:43,42
DA:44,42
DA:46,33
DA:52,2
DA:53,75
DA:54,10
DA:58,1
LF:23
LH:23
BRDA:13,0,0,1
BRDA:13,0,1,2
BRDA:36,1,0,42
BRDA:36,1,1,33
BRDA:42,2,0,42
BRDA:42,2,1,33
BRF:6
BRH:6
end_of_record
TN:
SF:CycleSort.js
FN:17,cycleSort
FNF:1
FNH:1
FNDA:2,cycleSort
DA:18,2
DA:19,10
DA:20,10
DA:23,10
DA:24,20
DA:25,4
DA:29,10
DA:30,9
DA:32,1
DA:33,0
DA:36,1
DA:37,1
DA:38,1
DA:41,1
DA:42,3
DA:43,3
DA:44,12
DA:45,3
DA:48,3
DA:49,0
DA:51,3
DA:52,3
DA:53,3
DA:56,2
DA:59,1
LF:25
LH:23
BRDA:24,0,0,4
BRDA:24,0,1,16
BRDA:29,1,0,9
BRDA:29,1,1,1
BRDA:44,2,0,3
BRDA:44,2,1,9
BRF:6
BRH:6
end_of_record
TN:
SF:Factorial.js
FN:11,(anonymous_0)
FNF:1
FNH:1
FNDA:11418,(anonymous_0)
DA:11,1
DA:12,11418
DA:13,2
DA:15,11416
DA:18,1
LF:5
LH:5
BRDA:12,0,0,2
BRDA:12,0,1,11416
BRF:2
BRH:2
end_of_record
TN:
SF:FormatPhoneNumber.js
FN:4,(anonymous_0)
FN:11,(anonymous_1)
FNF:2
FNH:2
FNDA:4,(anonymous_0)
FNDA:10,(anonymous_1)
DA:4,1
DA:5,4
DA:6,4
DA:8,3
DA:10,1
DA:11,1
DA:12,10
DA:14,1
DA:17,1
LF:9
LH:9
BRDA:6,0,0,3
BRDA:6,0,1,1
BRDA:6,1,0,4
BRDA:6,1,1,2
BRF:4
BRH:4
end_of_record
TN:
SF:IsDivisible.js
FN:3,(anonymous_0)
FNF:1
FNH:1
FNDA:3,(anonymous_0)
DA:3,1
DA:4,3
DA:5,0
DA:7,3
DA:8,1
DA:10,2
DA:17,1
LF:7
LH:6
BRDA:4,0,0,0
BRDA:4,0,1,3
BRDA:4,1,0,3
BRDA:4,1,1,3
BRDA:7,2,0,1
BRDA:7,2,1,2
BRF:6
BRH:5
end_of_record
TN:
SF:MergeSort.js
FN:18,merge
FN:40,mergeSort
FNF:2
FNH:2
FNDA:14,merge
FNDA:32,mergeSort
DA:19,14
DA:20,14
DA:21,14
DA:23,14
DA:24,24
DA:25,13
DA:27,11
DA:31,14
DA:41,32
DA:43,14
DA:44,14
DA:45,14
DA:47,14
DA:50,1
LF:14
LH:14
BRDA:23,0,0,38
BRDA:23,0,1,29
BRDA:24,1,0,13
BRDA:24,1,1,11
BRDA:41,2,0,18
BRDA:41,2,1,14
BRF:6
BRH:6
end_of_record
TN:
SF:PerfectNumber.js
FN:18,(anonymous_0)
FN:19,(anonymous_1)
FN:22,(anonymous_2)
FN:23,(anonymous_3)
FNF:4
FNH:4
FNDA:2,(anonymous_0)
FNDA:14,(anonymous_1)
FNDA:2,(anonymous_2)
FNDA:6,(anonymous_3)
DA:18,1
DA:19,14
DA:22,1
DA:23,2
DA:24,6
DA:27,2
DA:30,1
LF:7
LH:7
BRF:0
BRH:0
end_of_record
TN:
SF:QuickSelectSearch.js
FN:14,quickSelectSearch
FNF:1
FNH:1
FNDA:4,quickSelectSearch
DA:15,4
DA:16,1
DA:19,3
DA:20,3
DA:21,3
DA:22,8
DA:23,8
DA:24,8
DA:26,8
DA:27,41
DA:28,19
DA:29,19
DA:30,19
DA:31,19
DA:33,22
DA:37,8
DA:38,4
DA:41,8
DA:42,5
DA:44,3
DA:47,3
DA:50,1
LF:22
LH:22
BRDA:15,0,0,1
BRDA:15,0,1,3
BRDA:15,1,0,4
BRDA:15,1,1,4
BRDA:27,2,0,19
BRDA:27,2,1,22
BRDA:37,3,0,4
BRDA:37,3,1,4
BRDA:41,4,0,5
BRDA:41,4,1,3
BRF:10
BRH:10
end_of_record
TN:
SF:RomanToDecimal.js
FN:11,romanToDecimal
FNF:1
FNH:1
FNDA:4,romanToDecimal
DA:1,1
DA:12,4
DA:14,4
DA:16,4
DA:17,4
DA:18,19
DA:20,19
DA:21,15
DA:24,19
DA:25,19
DA:26,17
DA:28,2
DA:31,19
DA:33,4
DA:36,1
LF:15
LH:15
BRDA:20,0,0,15
BRDA:20,0,1,4
BRDA:21,1,0,6
BRDA:21,1,1,9
BRDA:25,2,0,17
BRDA:25,2,1,2
BRF:6
BRH:6
end_of_record
TN:
SF:checkCamelCase.js
FN:1,(anonymous_0)
FNF:1
FNH:1
FNDA:5,(anonymous_0)
DA:1,1
DA:3,5
DA:4,0
DA:7,5
DA:8,5
DA:11,1
LF:6
LH:5
BRDA:3,0,0,0
BRDA:3,0,1,5
BRF:2
BRH:1
end_of_record
